<?xml version="1.0" encoding="UTF-8"?>

<mule xmlns:http="http://www.mulesoft.org/schema/mule/http"
      xmlns:tls="http://www.mulesoft.org/schema/mule/tls"
      xmlns:vault="http://www.mulesoft.org/schema/mule/vault"
      xmlns:xsi="http://www.w3.org/2001/XMLSchema-instance"
      xmlns="http://www.mulesoft.org/schema/mule/core"
      xsi:schemaLocation="http://www.mulesoft.org/schema/mule/http http://www.mulesoft.org/schema/mule/http/current/mule-http.xsd
        http://www.mulesoft.org/schema/mule/tls http://www.mulesoft.org/schema/mule/tls/current/mule-tls.xsd
        http://www.mulesoft.org/schema/mule/core http://www.mulesoft.org/schema/mule/core/current/mule.xsd
        http://www.mulesoft.org/schema/mule/vault http://www.mulesoft.org/schema/mule/vault/current/mule-vault.xsd">

    <http:listener-config name="HTTP_Listener_config" >
        <http:listener-connection host="0.0.0.0" port="8081" />
    </http:listener-config>

    <vault:config name="configV2" >
        <vault:basic-connection vaultToken="MOCK_TOKEN" vaultUrl="${vaultUrl}" >
            <tls:context>
                <tls:trust-store type="jks" path="/Users/amead/truststore.jks" password="password" />
            </tls:context>
        </vault:basic-connection>
    </vault:config>

    <vault:config name="configV1" >
        <vault:basic-connection vaultToken="MOCK_TOKEN" vaultUrl="${vaultUrl}" engineVersion="v1">
            <tls:context>
                <tls:trust-store type="jks" path="/Users/amead/truststore.jks" password="password" />
            </tls:context>
        </vault:basic-connection>
    </vault:config>

    <flow name="getSecretFlow">
        <http:listener config-ref="HTTP_Listener_config" path="/getSecret"/>
        <vault:get-secret config-ref="configV2" path="secret/test/mysecret"/>
    </flow>

    <flow name="missingFlow">
        <vault:get-secret config-ref="configV2" path="secret/does/not/exist"/>
    </flow>

    <flow name="writeSecretFlow">
        <vault:write-secret config-ref="configV2" path="secret/test/mule-write" secret='{"name":"test"}'/>
        <vault:get-secret config-ref="configV2" path="secret/test/mule-write" />
    </flow>

    <flow name="dynamicSecretFlow">
        <vault:get-secret config-ref="configV1" path="database/creds/company-role"/>
    </flow>

    <flow name="encryptDataFlow">
        <vault:encrypt-data config-ref="configV1" transitMountpoint="transit" keyName="testKey" plaintext="plaintext" />
    </flow>

    <flow name="decryptDataFlow">
        <vault:decrypt-data config-ref="configV1" transitMountpoint="transit" keyName="testKey" ciphertext="vault:v1:lajksdfklasdjflkjasdlfjkljaklsdfkljkldsjf=="/>
    </flow>

    <flow name="reEncryptFlow">
        <vault:reencrypt-data config-ref="configV1" transitMountpoint="transit" keyName="testKey" ciphertext="vault:v1:lkjsadlfkjklasdjfkljkljasdfkjf123sdfadf==" />
    </flow>
</mule>